\BOOKMARK [1][-]{section.1}{Introduction}{}% 1
\BOOKMARK [1][-]{section.2}{Nouns}{}% 2
\BOOKMARK [2][-]{subsection.2.1}{Plural form}{section.2}% 3
\BOOKMARK [2][-]{subsection.2.2}{Common nouns}{section.2}% 4
\BOOKMARK [2][-]{subsection.2.3}{Proper nouns}{section.2}% 5
\BOOKMARK [2][-]{subsection.2.4}{Material Nouns}{section.2}% 6
\BOOKMARK [2][-]{subsection.2.5}{Compund nouns}{section.2}% 7
\BOOKMARK [2][-]{subsection.2.6}{Countable vs Uncountable Nouns}{section.2}% 8
\BOOKMARK [2][-]{subsection.2.7}{Collective Nouns}{section.2}% 9
\BOOKMARK [2][-]{subsection.2.8}{Concrete and Abstract Nouns}{section.2}% 10
\BOOKMARK [3][-]{subsubsection.2.8.1}{Concrete nouns}{subsection.2.8}% 11
\BOOKMARK [3][-]{subsubsection.2.8.2}{Abstract Nouns}{subsection.2.8}% 12
\BOOKMARK [2][-]{subsection.2.9}{Possessive Nouns}{section.2}% 13
\BOOKMARK [1][-]{section.3}{Pronouns}{}% 14
\BOOKMARK [2][-]{subsection.3.1}{Subject Pronouns}{section.3}% 15
\BOOKMARK [2][-]{subsection.3.2}{Object Pronouns}{section.3}% 16
\BOOKMARK [2][-]{subsection.3.3}{Possessive Pronouns}{section.3}% 17
\BOOKMARK [1][-]{section.4}{Articles}{}% 18
\BOOKMARK [2][-]{subsection.4.1}{Indefinite Article}{section.4}% 19
\BOOKMARK [2][-]{subsection.4.2}{Definite Article}{section.4}% 20
\BOOKMARK [1][-]{section.5}{Demonstratives}{}% 21
\BOOKMARK [1][-]{section.6}{Distributives}{}% 22
\BOOKMARK [2][-]{subsection.6.1}{All}{section.6}% 23
\BOOKMARK [2][-]{subsection.6.2}{Half}{section.6}% 24
\BOOKMARK [2][-]{subsection.6.3}{Each and Every}{section.6}% 25
\BOOKMARK [3][-]{subsubsection.6.3.1}{Each}{subsection.6.3}% 26
\BOOKMARK [3][-]{subsubsection.6.3.2}{Every}{subsection.6.3}% 27
\BOOKMARK [2][-]{subsection.6.4}{Both}{section.6}% 28
\BOOKMARK [2][-]{subsection.6.5}{Either}{section.6}% 29
\BOOKMARK [2][-]{subsection.6.6}{Neither}{section.6}% 30
\BOOKMARK [1][-]{section.7}{Quantifiers}{}% 31
\BOOKMARK [2][-]{subsection.7.1}{A few, a little}{section.7}% 32
\BOOKMARK [2][-]{subsection.7.2}{Much and Many}{section.7}% 33
\BOOKMARK [2][-]{subsection.7.3}{A lot, most}{section.7}% 34
\BOOKMARK [2][-]{subsection.7.4}{Some, Any and Enough}{section.7}% 35
\BOOKMARK [1][-]{section.8}{Verb Conjugation}{}% 36
\BOOKMARK [2][-]{subsection.8.1}{First, Second and Third Person}{section.8}% 37
\BOOKMARK [1][-]{section.9}{Simple Tense}{}% 38
\BOOKMARK [2][-]{subsection.9.1}{Past Simple}{section.9}% 39
\BOOKMARK [3][-]{subsubsection.9.1.1}{How to form the past simple tense}{subsection.9.1}% 40
\BOOKMARK [3][-]{subsubsection.9.1.2}{Positive, negative, and questions forms}{subsection.9.1}% 41
\BOOKMARK [3][-]{subsubsection.9.1.3}{Using time markers}{subsection.9.1}% 42
\BOOKMARK [2][-]{subsection.9.2}{Present Simple}{section.9}% 43
\BOOKMARK [3][-]{subsubsection.9.2.1}{How to form the present simple tense}{subsection.9.2}% 44
\BOOKMARK [3][-]{subsubsection.9.2.2}{Positive, negative, and questions forms}{subsection.9.2}% 45
\BOOKMARK [3][-]{subsubsection.9.2.3}{Using time markers}{subsection.9.2}% 46
\BOOKMARK [2][-]{subsection.9.3}{Subject-Verb Agreement}{section.9}% 47
\BOOKMARK [3][-]{subsubsection.9.3.1}{The Rule of Proximity}{subsection.9.3}% 48
\BOOKMARK [3][-]{subsubsection.9.3.2}{The Inverted Subject}{subsection.9.3}% 49
\BOOKMARK [3][-]{subsubsection.9.3.3}{More about subject-verb agreement}{subsection.9.3}% 50
\BOOKMARK [2][-]{subsection.9.4}{Future Simple}{section.9}% 51
\BOOKMARK [3][-]{subsubsection.9.4.1}{Positive, negative, and questions forms}{subsection.9.4}% 52
\BOOKMARK [3][-]{subsubsection.9.4.2}{Using time and probability markers}{subsection.9.4}% 53
\BOOKMARK [1][-]{section.10}{The Gerund}{}% 54
\BOOKMARK [1][-]{section.11}{Present Participle}{}% 55
\BOOKMARK [1][-]{section.12}{Continuous Tense}{}% 56
\BOOKMARK [2][-]{subsection.12.1}{Past Continuous}{section.12}% 57
\BOOKMARK [2][-]{subsection.12.2}{Present Continuous}{section.12}% 58
\BOOKMARK [2][-]{subsection.12.3}{Future Continuous}{section.12}% 59
\BOOKMARK [1][-]{section.13}{Perfect Tense}{}% 60
\BOOKMARK [2][-]{subsection.13.1}{Present Perfect}{section.13}% 61
\BOOKMARK [2][-]{subsection.13.2}{Past Perfect}{section.13}% 62
\BOOKMARK [2][-]{subsection.13.3}{Future Perfect}{section.13}% 63
\BOOKMARK [1][-]{section.14}{Prefect Continuous Tense}{}% 64
\BOOKMARK [2][-]{subsection.14.1}{Present Perfect Continuous}{section.14}% 65
\BOOKMARK [2][-]{subsection.14.2}{Past Perfect Continuous}{section.14}% 66
\BOOKMARK [2][-]{subsection.14.3}{Future Perfect Continuous}{section.14}% 67
\BOOKMARK [1][-]{section.15}{Past Participle}{}% 68
